g:\code\simpsons hit&run\game\build\win32\debug\srr2.pch
g:\code\simpsons hit&run\game\build\win32\debug\vc120.pdb
g:\code\simpsons hit&run\game\build\win32\debug\pchsrr2.sbr
g:\code\simpsons hit&run\game\build\win32\debug\pchsrr2.obj
g:\code\simpsons hit&run\game\build\win32\debug\actionbuttonhandler.sbr
g:\code\simpsons hit&run\game\build\win32\debug\actionbuttonmanager.sbr
g:\code\simpsons hit&run\game\build\win32\debug\automaticdoor.sbr
g:\code\simpsons hit&run\game\build\win32\debug\playanimonce.sbr
g:\code\simpsons hit&run\game\build\win32\debug\state.sbr
g:\code\simpsons hit&run\game\build\win32\debug\statemanager.sbr
g:\code\simpsons hit&run\game\build\win32\debug\action.sbr
g:\code\simpsons hit&run\game\build\win32\debug\actioncontroller.sbr
g:\code\simpsons hit&run\game\build\win32\debug\sequencer.sbr
g:\code\simpsons hit&run\game\build\win32\debug\task.sbr
g:\code\simpsons hit&run\game\build\win32\debug\chaseai.sbr
g:\code\simpsons hit&run\game\build\win32\debug\potentialfield.sbr
g:\code\simpsons hit&run\game\build\win32\debug\potentials.sbr
g:\code\simpsons hit&run\game\build\win32\debug\trafficai.sbr
g:\code\simpsons hit&run\game\build\win32\debug\vehicleai.sbr
g:\code\simpsons hit&run\game\build\win32\debug\vehicleairender.sbr
g:\code\simpsons hit&run\game\build\win32\debug\waypointai.sbr
g:\code\simpsons hit&run\game\build\win32\debug\actoranimationufo.sbr
g:\code\simpsons hit&run\game\build\win32\debug\actor.sbr
g:\code\simpsons hit&run\game\build\win32\debug\actoranimationwasp.sbr
g:\code\simpsons hit&run\game\build\win32\debug\actoranimationwasp.obj
g:\code\simpsons hit&run\game\build\win32\debug\actor.obj
g:\code\simpsons hit&run\game\build\win32\debug\actoranimationufo.obj
g:\code\simpsons hit&run\game\build\win32\debug\vehicleairender.obj
g:\code\simpsons hit&run\game\build\win32\debug\trafficai.obj
g:\code\simpsons hit&run\game\build\win32\debug\potentials.obj
g:\code\simpsons hit&run\game\build\win32\debug\potentialfield.obj
g:\code\simpsons hit&run\game\build\win32\debug\task.obj
g:\code\simpsons hit&run\game\build\win32\debug\sequencer.obj
g:\code\simpsons hit&run\game\build\win32\debug\actioncontroller.obj
g:\code\simpsons hit&run\game\build\win32\debug\statemanager.obj
g:\code\simpsons hit&run\game\build\win32\debug\playanimonce.obj
g:\code\simpsons hit&run\game\build\win32\debug\automaticdoor.obj
g:\code\simpsons hit&run\game\build\win32\debug\actionbuttonmanager.obj
g:\code\simpsons hit&run\game\build\win32\debug\actordsg.sbr
g:\code\simpsons hit&run\game\build\win32\debug\actormanager.sbr
g:\code\simpsons hit&run\game\build\win32\debug\attackbehaviour.sbr
g:\code\simpsons hit&run\game\build\win32\debug\attractionbehaviour.sbr
g:\code\simpsons hit&run\game\build\win32\debug\cutcambehaviour.sbr
g:\code\simpsons hit&run\game\build\win32\debug\evasionbehaviour.sbr
g:\code\simpsons hit&run\game\build\win32\debug\steeringwheel.obj
g:\code\simpsons hit&run\game\build\win32\debug\vc70.idb
g:\code\simpsons hit&run\game\build\win32\debug\srr2wd.pdb
g:\code\simpsons hit&run\game\build\win32\debug\vc70.pdb
g:\code\simpsons hit&run\game\build\win32\debug\guiscreencontroller.sbr
g:\code\simpsons hit&run\game\build\win32\debug\steeringwheel.sbr
g:\code\simpsons hit&run\game\build\win32\debug\srr2.tlog\cl.read.1.tlog
g:\code\simpsons hit&run\game\build\win32\debug\srr2.tlog\cl.write.1.tlog
g:\code\simpsons hit&run\game\build\win32\debug\srr2.tlog\cl.command.1.tlog
